     1                                  ;用户程序
     2                                  
     3                                  ;--------用户程序头部段-----------------------------------------------------------------------
     4                                  section header vstart=0
     5 00000000 [00000000]                  program_length dd program_end       ;[0x00]程序总长度，双字，32位
     6 00000004 [28030000]                  head_len dd header_end              ;[0x04]头部段长度，也用于接收头部段选择子
     7 00000008 00000000                    stack_seg dd 0                      ;[0x08]用于接收用户栈段选择子，栈的创建由内核程序为何
     8 0000000C 01000000                    stack_len dd 1                      ;[0x0c]用户栈的长度，单位为4kb，由用户程序定义，内核会读取该值
     9 00000010 [00000000]                  code_entry dd start                 ;[0x10]代码段入口
    10 00000014 [00000000]                  code_seg dd section.code.start      ;[0x14]代码段偏移地址，也用于接收代码段选择子
    11 00000018 [53000000]                  code_len dd code_end                ;[0x18]代码段长度
    12 0000001C [00000000]                  data_seg dd section.data.start      ;[0x1c]数据段偏移地址
    13 00000020 [40040000]                  data_len dd data_end                ;[0x20]数据段长度
    14                                  
    15                                      ;以下是符号地址检索表，也就是导出的内核函数库
    16 00000024 03000000                    salt_items dd (header_end-salt)/256 ;[0x24]导出函数数量，每个函数256字节     
    17                                  
    18                                      salt:   
    19 00000028 405072696E74537472-             PrintString dd '@PrintString'   ;[0x28]
    19 00000031 696E67             
    20 00000034 00<rep F4h>                         times 256-($-PrintString) db 0  ;每个函数长度为256字节，不足256的用0补充
    21 00000128 405465726D696E6174-              TerminateProgram db  '@TerminateProgram'   ;终止用户程序
    21 00000131 6550726F6772616D   
    22 00000139 00<rep EFh>                         times 256-($-TerminateProgram) db 0           
    23 00000228 40526561644469736B-              ReadDiskData     db  '@ReadDiskData'
    23 00000231 44617461           
    24 00000235 00<rep F3h>                         times 256-($-ReadDiskData) db 0
    25                                  
    26                                      header_end:
    27                                  
    28                                  ;--------数据段段-----------------------------------------------------------------------
    29                                  section data vstart=0
    30 00000000 00<rep 400h>                buffer times 1024 db  0         ;缓冲区
    31                                      ;运行提示
    32 00000400 0D0A0D0A                    message_1       db  0x0d,0x0a,0x0d,0x0a
    33 00000404 2A2A2A2A2A2A2A2A2A-                         db  '**********User program is runing**********'
    33 0000040D 2A557365722070726F-
    33 00000416 6772616D2069732072-
    33 0000041F 756E696E672A2A2A2A-
    33 00000428 2A2A2A2A2A2A       
    34 0000042E 0D0A00                                      db  0x0d,0x0a,0
    35                                      
    36 00000431 20204469736B206461-         message_2       db  '  Disk data:',0x0d,0x0a,0
    36 0000043A 74613A0D0A00       
    37                                      data_end:
    38                                  [bits 32]
    39                                  ;--------代码段-----------------------------------------------------------------------
    40                                  section code vstart=0
    41                                      start:
    42 00000000 8CD8                            mov eax,ds
    43 00000002 8EE0                            mov fs,eax          ;使fs段也指向头部段
    44                                  
    45 00000004 A1[08000000]                    mov eax,[stack_seg]
    46 00000009 8ED0                            mov ss,eax
    47 0000000B BC00000000                      mov esp,0           ;设置用户程序栈
    48                                  
    49 00000010 A1[1C000000]                    mov eax,[data_seg]
    50 00000015 8ED8                            mov ds,eax          ;设置用户数据段
    51                                  
    52 00000017 BB[00040000]                    mov ebx,message_1
    53 0000001C 64FF1D[28000000]                call far [fs:PrintString]   ;调用内核通用代码库
    54                                  
    55 00000023 B864000000                      mov eax,100         ;逻辑扇区100
    56 00000028 BB[00000000]                    mov ebx,buffer      ;缓冲区
    57 0000002D 64FF1D[28020000]                call far [fs:ReadDiskData]  ;读取磁盘
    58                                  
    59 00000034 BB[31040000]                    mov ebx,message_2
    60 00000039 64FF1D[28000000]                call far [fs:PrintString]
    61                                  
    62 00000040 BB[00000000]                    mov ebx,buffer
    63 00000045 64FF1D[28000000]                call far [fs:PrintString]   ;输出磁盘数据
    64                                  
    65 0000004C 64FF2D[28010000]                jmp far [fs:TerminateProgram]   ;结束用户程序，将控制权交给内核
    66                                      code_end:
    67                                  
    68                                  ;--------尾部段-----------------------------------------------------------------------
    69                                  section trail align=16
    70                                      program_end:                    ;程序结尾标号，因为段没有定义vstart,所以该标号的偏移地址是从程序头开始的
